================ Wed Apr 16 14:46:01 BST 2025 ================
Starting backup script...
APP_NAME: prices-db
LOCAL_PORT: 5433
Starting Fly proxy to database...
Waiting for proxy to be ready...
Waiting for proxy to be ready...
Waiting for proxy to be ready...
Proxying local port 5433 to remote [prices-db.internal]:5432
Connection to localhost (127.0.0.1) 5433 port [tcp/*] succeeded!
Proxy is ready!
Connection to localhost (127.0.0.1) 5433 port [tcp/*] succeeded!
Starting backup...
pg_dump: warning: there are circular foreign-key constraints on this table:
pg_dump: detail: nodes
pg_dump: hint: You might not be able to restore the dump without using --disable-triggers or temporarily dropping the constraints.
pg_dump: hint: Consider using a full dump instead of a --data-only dump to avoid this problem.
Backup completed successfully: /home/boundys/data4/django/agile_predict/.local/postgres_backup_2025-04-16_14-46-01.sql
Updated latest backup symlink: /home/boundys/data4/django/agile_predict/.local/backup.sql
Old backups and logs cleaned. Keeping last 3.
Proxy closed.
