Connecting to fdaa:9:282c:a7b:3ed:1ddf:e2e6:2...
2025-04-16 10:15:09 INFO: Max days: 60
2025-04-16 10:15:09 INFO:   ID  |       Name       |  #FD  |   #AD   | Days |
2025-04-16 10:15:09 INFO: ------+------------------+-------+---------+------+
2025-04-16 10:15:09 INFO:    25 | 2025-04-16 06:15 |   612 |    9180 |    0 | 
2025-04-16 10:15:09 INFO:    24 | 2025-04-15 23:06 |   626 |    9390 |    0 | 
2025-04-16 10:15:09 INFO:    23 | 2025-04-15 17:14 |   638 |    9570 |    0 | 
2025-04-16 10:15:09 INFO:    22 | 2025-04-15 16:15 |   640 |    9600 |    0 | 
2025-04-16 10:15:09 INFO:    21 | 2025-04-15 10:15 |   604 |    9060 |    1 | 
2025-04-16 10:15:09 INFO:    20 | 2025-04-15 06:15 |   612 |    9180 |    1 | 
2025-04-16 10:15:09 INFO:    19 | 2025-04-14 22:15 |   628 |    9420 |    1 | 
2025-04-16 10:15:09 INFO:    18 | 2025-04-14 19:21 |   634 |    9510 |    1 | 
2025-04-16 10:15:09 INFO:    17 | 2025-04-13 19:37 |   634 |      74 |    2 | 
2025-04-16 10:15:09 INFO:    16 | 2025-04-13 16:04 |   642 |    1284 |    2 | 
2025-04-16 10:15:09 INFO:    15 | 2025-04-13 15:57 |   642 |    1284 |    2 | 
2025-04-16 10:15:09 INFO:    14 | 2025-04-13 15:52 |   642 |    1284 |    2 | 
2025-04-16 10:15:09 INFO:    13 | 2025-04-13 15:49 |   642 |    1284 |    2 | 
2025-04-16 10:15:09 INFO:    12 | 2025-04-13 15:43 |   642 |    1284 |    2 | 
2025-04-16 10:15:09 INFO:    11 | 2025-04-01 21:46 |   628 |    1256 |   14 | 
2025-04-16 10:15:09 INFO: 
Deleting (<QuerySet []>)

2025-04-16 10:15:09 INFO: Getting Historic Prices
2025-04-16 10:15:09 INFO: Prices
                           day_ahead    agile
date_time                                    
2023-06-30 00:00:00+01:00      92.80  19.4880
2023-06-30 00:30:00+01:00      78.75  16.5375
2023-06-30 01:00:00+01:00      81.90  17.1990
2023-06-30 01:30:00+01:00      78.75  16.5375
2023-06-30 02:00:00+01:00      82.85  17.3985
...                              ...      ...
2025-04-16 20:30:00+01:00     105.00  22.0500
2025-04-16 21:00:00+01:00     107.50  22.5750
2025-04-16 21:30:00+01:00      90.30  18.9630
2025-04-16 22:00:00+01:00      84.30  17.7030
2025-04-16 22:30:00+01:00      76.25  16.0125

[31534 rows x 2 columns]
2025-04-16 10:15:09 INFO: New Prices
Empty DataFrame
Columns: [day_ahead, agile]
Index: []
2025-04-16 10:15:09 INFO: GB60:
2025-04-15 23:00:00+01:00     91.55
2025-04-16 00:00:00+01:00     79.23
2025-04-16 01:00:00+01:00     66.31
2025-04-16 02:00:00+01:00     53.99
2025-04-16 03:00:00+01:00     48.67
2025-04-16 04:00:00+01:00     39.20
2025-04-16 05:00:00+01:00     37.93
2025-04-16 06:00:00+01:00     78.22
2025-04-16 07:00:00+01:00     92.08
2025-04-16 08:00:00+01:00     87.93
2025-04-16 09:00:00+01:00     70.57
2025-04-16 10:00:00+01:00     45.53
2025-04-16 11:00:00+01:00     35.73
2025-04-16 12:00:00+01:00     28.12
2025-04-16 13:00:00+01:00     28.44
2025-04-16 14:00:00+01:00     40.12
2025-04-16 15:00:00+01:00     53.41
2025-04-16 16:00:00+01:00     74.96
2025-04-16 17:00:00+01:00     81.40
2025-04-16 18:00:00+01:00    102.29
2025-04-16 19:00:00+01:00    111.24
2025-04-16 20:00:00+01:00     93.43
2025-04-16 21:00:00+01:00     82.58
2025-04-16 22:00:00+01:00     81.12
dtype: float64
2025-04-16 10:15:09 INFO: Merged prices:
                           day_ahead    agile
date_time                                    
2023-06-30 00:00:00+01:00      92.80  19.4880
2023-06-30 00:30:00+01:00      78.75  16.5375
2023-06-30 01:00:00+01:00      81.90  17.1990
2023-06-30 01:30:00+01:00      78.75  16.5375
2023-06-30 02:00:00+01:00      82.85  17.3985
...                              ...      ...
2025-04-16 20:30:00+01:00     105.00  22.0500
2025-04-16 21:00:00+01:00     107.50  22.5750
2025-04-16 21:30:00+01:00      90.30  18.9630
2025-04-16 22:00:00+01:00      84.30  17.7030
2025-04-16 22:30:00+01:00      76.25  16.0125

[31534 rows x 2 columns]
2025-04-16 10:15:09 INFO: Getting latest Forecast
    https://api.nationalgrideso.com/api/3/action/datastore_search?resource_id=93c3048e-1dab-4057-a2a9-417540583929&limit=1000
    https://api.nationalgrideso.com/api/3/action/datastore_search?resource_id=b2f03146-f05d-4824-a663-3a4f36090c71&limit=1000
    https://api.nationalgrideso.com/api/3/action/datastore_search?resource_id=db6c038f-98af-4570-ab60-24d71ebd0ae5&limit=1000
    https://api.nationalgrideso.com/api/3/action/datastore_search?resource_id=7c0411cd-2714-4bb5-a408-adb065edf34d&limit=5000
    https://api.open-meteo.com/v1/forecast
    https://data.elexon.co.uk/bmrs/api/v1/datasets/NDF
2025-04-16 10:15:11 INFO:                            bm_wind   solar  ...  time  day_of_week
2025-04-16 10:30:00+01:00  13916.0  5248.0  ...  10.5            2
2025-04-16 11:00:00+01:00  13841.0  6072.0  ...  11.0            2
2025-04-16 11:30:00+01:00  13951.0  6932.0  ...  11.5            2
2025-04-16 12:00:00+01:00  13956.0  7716.0  ...  12.0            2
2025-04-16 12:30:00+01:00  13858.0  8310.0  ...  12.5            2
...                            ...     ...  ...   ...          ...
2025-04-28 22:00:00+01:00   6538.0     0.0  ...  22.0            0
2025-04-28 22:30:00+01:00   6566.0     0.0  ...  22.5            0
2025-04-28 23:00:00+01:00   6602.0     0.0  ...  23.0            0
2025-04-28 23:30:00+01:00   6644.0     0.0  ...  23.5            0
2025-04-29 00:00:00+01:00   6692.0     0.0  ...   0.0            1

[604 rows x 9 columns]
2025-04-16 10:15:11 INFO:     id              name                       created_at
0   11  2025-04-01 21:46 2025-04-14 18:09:54.304603+00:00
1   12  2025-04-13 15:43 2025-04-14 18:10:00.741061+00:00
2   13  2025-04-13 15:49 2025-04-14 18:10:07.697382+00:00
3   14  2025-04-13 15:52 2025-04-14 18:10:14.684936+00:00
4   15  2025-04-13 15:57 2025-04-14 18:10:21.526148+00:00
5   16  2025-04-13 16:04 2025-04-14 18:10:28.274760+00:00
6   17  2025-04-13 19:37 2025-04-14 18:11:25.824051+00:00
7   18  2025-04-14 19:21 2025-04-14 18:21:21.668951+00:00
8   19  2025-04-14 22:15 2025-04-14 21:15:13.688685+00:00
9   20  2025-04-15 06:15 2025-04-15 05:15:20.771691+00:00
10  21  2025-04-15 10:15 2025-04-15 09:15:13.805469+00:00
11  22  2025-04-15 16:15 2025-04-15 15:15:54.357581+00:00
12  23  2025-04-15 17:14 2025-04-15 16:14:14.069566+00:00
13  24  2025-04-15 23:06 2025-04-15 22:06:52.758343+00:00
14  25  2025-04-16 06:15 2025-04-16 05:15:14.881366+00:00
2025-04-16 10:15:11 INFO: Forecasts Database:
{ff.to_string()}
2025-04-16 10:15:11 INFO: train_X:
                           bm_wind  solar  ...  weekend  day_ahead
date_time                                  ...                    
2025-04-16 21:00:00+00:00  10874.0    0.0  ...        0      84.30
2025-04-16 21:30:00+00:00  10782.0    0.0  ...        0      76.25
2025-04-01 21:30:00+00:00  14901.0    0.0  ...        0      70.00
2025-04-01 22:00:00+00:00  15148.0    0.0  ...        0      67.20
2025-04-01 22:30:00+00:00  15377.0    0.0  ...        0      55.70
...                            ...    ...  ...      ...        ...
2025-04-16 18:30:00+00:00  11331.0  530.0  ...        0     105.05
2025-04-16 19:00:00+00:00  11170.0   45.0  ...        0     101.85
2025-04-16 19:30:00+00:00  11050.0    0.0  ...        0     105.00
2025-04-16 20:00:00+00:00  10972.0    0.0  ...        0     107.50
2025-04-16 20:30:00+00:00  10937.0   20.0  ...        0      90.30

[193 rows x 8 columns]
2025-04-16 10:15:11 INFO: len(ff)      : 15
2025-04-16 10:15:11 INFO: len(ff_train): 5
2025-04-16 10:15:11 INFO: len(train_X) : 193
2025-04-16 10:15:11 INFO: len(test_X)  : 1016
2025-04-16 10:15:11 INFO: Earliest ff   : 11
2025-04-16 10:15:11 INFO: Latest ff     : 25
2025-04-16 10:15:11 INFO: Earliest ff_t : 11
2025-04-16 10:15:11 INFO: Latest ff_t   : 25
2025-04-16 10:15:11 INFO: train_cols:
2025-04-16 10:15:11 INFO:   bm_wind         :     3454.00    8777.20   15467.00
2025-04-16 10:15:11 INFO:   solar           :        0.00    2386.76   10571.00
2025-04-16 10:15:11 INFO:   demand          :    18060.00   25265.01   31810.00
2025-04-16 10:15:11 INFO:   peak            :        0.00       0.12       1.00
2025-04-16 10:15:11 INFO:   days_ago        :        0.17       4.81      14.52
2025-04-16 10:15:11 INFO:   wind_10m        :        6.05      24.75      45.40
2025-04-16 10:15:11 INFO:   weekend         :        0.00       0.03       1.00
2025-04-16 10:15:11 INFO: test_X:
                              id  forecast_id  ...  peak  day_ahead
date_time                                      ...                 
2025-04-15 22:30:00+00:00  14637           24  ...   0.0      82.00
2025-04-15 23:00:00+00:00  14638           24  ...   0.0      78.75
2025-04-15 23:30:00+00:00  14639           24  ...   0.0      78.85
2025-04-16 00:00:00+00:00  14640           24  ...   0.0      74.15
2025-04-16 00:30:00+00:00  14641           24  ...   0.0      72.25
...                          ...          ...  ...   ...        ...
2025-04-16 19:30:00+00:00  14053           23  ...   0.0     105.00
2025-04-16 20:00:00+00:00  14054           23  ...   0.0     107.50
2025-04-16 20:30:00+00:00  14055           23  ...   0.0      90.30
2025-04-16 21:00:00+00:00  14056           23  ...   0.0      84.30
2025-04-16 21:30:00+00:00  14057           23  ...   0.0      76.25

[1016 rows x 22 columns]
2025-04-16 10:15:14 INFO: Forecast from 2025-04-16 10:30:00+01:00 tp 2025-04-29 00:00:00+01:00
2025-04-16 10:15:14 INFO: Agile to      2025-04-16 22:30:00+01:00
2025-04-16 10:15:14 INFO: Forecast
                           bm_wind   solar  ...  day_ahead_low  day_ahead_high
2025-04-16 10:30:00+01:00  13916.0  5248.0  ...      70.945318       78.757462
2025-04-16 11:00:00+01:00  13841.0  6072.0  ...      70.945318       78.757462
2025-04-16 11:30:00+01:00  13951.0  6932.0  ...      59.063833       70.482971
2025-04-16 12:00:00+01:00  13956.0  7716.0  ...      36.562767       60.419027
2025-04-16 12:30:00+01:00  13858.0  8310.0  ...      43.279658       60.789566
...                            ...     ...  ...            ...             ...
2025-04-28 22:00:00+01:00   6538.0     0.0  ...      61.889986       81.053406
2025-04-28 22:30:00+01:00   6566.0     0.0  ...      70.457985       78.812744
2025-04-28 23:00:00+01:00   6602.0     0.0  ...      68.167249       77.041573
2025-04-28 23:30:00+01:00   6644.0     0.0  ...      67.858875       77.293633
2025-04-29 00:00:00+01:00   6692.0     0.0  ...      67.858875       76.749825

[604 rows x 15 columns]
2025-04-16 10:15:14 INFO: idx0: 2025-04-16 10:30:00+01:00:2025-04-16 22:30:00+01:00
                           mult  shift
2025-04-16 10:30:00+01:00     0      1
2025-04-16 11:00:00+01:00     0      1
2025-04-16 11:30:00+01:00     0      1
2025-04-16 12:00:00+01:00     0      1
2025-04-16 12:30:00+01:00     0      1
2025-04-16 13:00:00+01:00     0      1
2025-04-16 13:30:00+01:00     0      1
2025-04-16 14:00:00+01:00     0      1
2025-04-16 14:30:00+01:00     0      1
2025-04-16 15:00:00+01:00     0      1
2025-04-16 15:30:00+01:00     0      1
2025-04-16 16:00:00+01:00     0      1
2025-04-16 16:30:00+01:00     0      1
2025-04-16 17:00:00+01:00     0      1
2025-04-16 17:30:00+01:00     0      1
2025-04-16 18:00:00+01:00     0      1
2025-04-16 18:30:00+01:00     0      1
2025-04-16 19:00:00+01:00     0      1
2025-04-16 19:30:00+01:00     0      1
2025-04-16 20:00:00+01:00     0      1
2025-04-16 20:30:00+01:00     0      1
2025-04-16 21:00:00+01:00     0      1
2025-04-16 21:30:00+01:00     0      1
2025-04-16 22:00:00+01:00     0      1
2025-04-16 22:30:00+01:00     0      1
2025-04-16 10:15:14 INFO: idx1: 2025-04-16 23:00:00+01:00:2025-04-29 00:00:00+01:00
                           mult  shift
2025-04-16 23:00:00+01:00     1      0
2025-04-16 23:30:00+01:00     1      0
2025-04-17 00:00:00+01:00     1      0
2025-04-17 00:30:00+01:00     1      0
2025-04-17 01:00:00+01:00     1      0
...                         ...    ...
2025-04-28 22:00:00+01:00     1      0
2025-04-28 22:30:00+01:00     1      0
2025-04-28 23:00:00+01:00     1      0
2025-04-28 23:30:00+01:00     1      0
2025-04-29 00:00:00+01:00     1      0

[579 rows x 2 columns]
2025-04-16 10:15:14 INFO: Scale factors
                           mult  shift
2025-04-16 10:30:00+01:00     0      1
2025-04-16 11:00:00+01:00     0      1
2025-04-16 11:30:00+01:00     0      1
2025-04-16 12:00:00+01:00     0      1
2025-04-16 12:30:00+01:00     0      1
...                         ...    ...
2025-04-28 22:00:00+01:00     1      0
2025-04-28 22:30:00+01:00     1      0
2025-04-28 23:00:00+01:00     1      0
2025-04-28 23:30:00+01:00     1      0
2025-04-29 00:00:00+01:00     1      0

[604 rows x 2 columns]
2025-04-16 10:15:14 INFO: Scale Factors:
                           mult  shift  day_ahead    agile
2025-04-16 10:30:00+01:00     0      1      63.45  13.3245
2025-04-16 11:00:00+01:00     0      1      52.50  11.0250
2025-04-16 11:30:00+01:00     0      1      44.10   9.2610
2025-04-16 12:00:00+01:00     0      1      27.10   5.6910
2025-04-16 12:30:00+01:00     0      1      23.60   4.9560
...                         ...    ...        ...      ...
2025-04-28 22:00:00+01:00     1      0       0.00   0.0000
2025-04-28 22:30:00+01:00     1      0       0.00   0.0000
2025-04-28 23:00:00+01:00     1      0       0.00   0.0000
2025-04-28 23:30:00+01:00     1      0       0.00   0.0000
2025-04-29 00:00:00+01:00     1      0       0.00   0.0000

[604 rows x 4 columns]
2025-04-16 10:15:14 INFO:                            mult  shift  ...  day_ahead_low  day_ahead_high
2025-04-16 10:30:00+01:00     0      1  ...      62.450000       64.450000
2025-04-16 11:00:00+01:00     0      1  ...      51.500000       53.500000
2025-04-16 11:30:00+01:00     0      1  ...      43.100000       45.100000
2025-04-16 12:00:00+01:00     0      1  ...      26.100000       28.100000
2025-04-16 12:30:00+01:00     0      1  ...      22.600000       24.600000
...                         ...    ...  ...            ...             ...
2025-04-28 22:00:00+01:00     1      0  ...      61.889986       81.053406
2025-04-28 22:30:00+01:00     1      0  ...      70.457985       78.812744
2025-04-28 23:00:00+01:00     1      0  ...      68.167249       77.041573
2025-04-28 23:30:00+01:00     1      0  ...      67.858875       77.293633
2025-04-29 00:00:00+01:00     1      0  ...      67.858875       76.749825

[604 rows x 7 columns]
2025-04-16 10:15:14 INFO: Final forecast from 2025-04-16 10:30:00+01:00 to 2025-04-29 00:00:00+01:00
2025-04-16 10:15:14 INFO: Forecast
                           bm_wind   solar  emb_wind  ...    rad   demand  day_ahead
2025-04-16 10:30:00+01:00  13916.0  5248.0    4123.0  ...  170.0  26888.0  63.450000
2025-04-16 11:00:00+01:00  13841.0  6072.0    4195.0  ...  161.5  26097.0  52.500000
2025-04-16 11:30:00+01:00  13951.0  6932.0    4242.0  ...  184.0  24528.0  44.100000
2025-04-16 12:00:00+01:00  13956.0  7716.0    4289.0  ...  298.5  24500.0  27.100000
2025-04-16 12:30:00+01:00  13858.0  8310.0    4392.0  ...  171.5  24025.0  23.600000
...                            ...     ...       ...  ...    ...      ...        ...
2025-04-28 22:00:00+01:00   6538.0     0.0    1500.0  ...    0.0  28295.0  81.053406
2025-04-28 22:30:00+01:00   6566.0     0.0    1516.0  ...    0.0  26885.0  78.812744
2025-04-28 23:00:00+01:00   6602.0     0.0    1532.0  ...    0.0  25506.0  77.041573
2025-04-28 23:30:00+01:00   6644.0     0.0    1552.0  ...    0.0  23916.0  77.293633
2025-04-29 00:00:00+01:00   6692.0     0.0    1572.0  ...    0.0  22841.0  76.749825

[604 rows x 8 columns]
2025-04-16 10:15:22 INFO:   26: 2025-04-16 10:15
2025-04-16 10:15:22 INFO:   25: 2025-04-16 06:15
2025-04-16 10:15:22 INFO:   24: 2025-04-15 23:06
2025-04-16 10:15:22 INFO:   23: 2025-04-15 17:14
2025-04-16 10:15:22 INFO:   22: 2025-04-15 16:15
2025-04-16 10:15:22 INFO:   21: 2025-04-15 10:15
2025-04-16 10:15:22 INFO:   20: 2025-04-15 06:15
2025-04-16 10:15:22 INFO:   19: 2025-04-14 22:15
2025-04-16 10:15:22 INFO:   18: 2025-04-14 19:21
2025-04-16 10:15:22 INFO:   17: 2025-04-13 19:37
2025-04-16 10:15:22 INFO:   16: 2025-04-13 16:04
2025-04-16 10:15:22 INFO:   15: 2025-04-13 15:57
2025-04-16 10:15:22 INFO:   14: 2025-04-13 15:52
2025-04-16 10:15:22 INFO:   13: 2025-04-13 15:49
2025-04-16 10:15:22 INFO:   12: 2025-04-13 15:43
2025-04-16 10:15:22 INFO:   11: 2025-04-01 21:46
Restarting machine 17814469b9d798
No health checks found
Machine 17814469b9d798 restarted successfully!
2025-04-16 14:06:31 INFO:    id              name                       created_at
0  18  2025-04-14 19:21 2025-04-14 18:21:21.668951+00:00
1  19  2025-04-14 22:15 2025-04-14 21:15:13.688685+00:00
2  20  2025-04-15 06:15 2025-04-15 05:15:20.771691+00:00
3  21  2025-04-15 10:15 2025-04-15 09:15:13.805469+00:00
4  22  2025-04-15 16:15 2025-04-15 15:15:54.357581+00:00
5  23  2025-04-15 17:14 2025-04-15 16:14:14.069566+00:00
6  24  2025-04-15 22:54 2025-04-15 21:54:36.185845+00:00
2025-04-16 14:08:31 INFO:    id              name                       created_at
0  18  2025-04-14 19:21 2025-04-14 18:21:21.668951+00:00
1  19  2025-04-14 22:15 2025-04-14 21:15:13.688685+00:00
2  20  2025-04-15 06:15 2025-04-15 05:15:20.771691+00:00
3  21  2025-04-15 10:15 2025-04-15 09:15:13.805469+00:00
4  22  2025-04-15 16:15 2025-04-15 15:15:54.357581+00:00
5  23  2025-04-15 17:14 2025-04-15 16:14:14.069566+00:00
6  24  2025-04-15 22:54 2025-04-15 21:54:36.185845+00:00
2025-04-16 14:08:47 INFO: 

Added Forecast:   25: 2025-04-16 14:08
2025-04-16 15:01:44 INFO:    id              name                       created_at
0  18  2025-04-14 19:21 2025-04-14 18:21:21.668951+00:00
1  19  2025-04-14 22:15 2025-04-14 21:15:13.688685+00:00
2  20  2025-04-15 06:15 2025-04-15 05:15:20.771691+00:00
3  21  2025-04-15 10:15 2025-04-15 09:15:13.805469+00:00
4  22  2025-04-15 16:15 2025-04-15 15:15:54.357581+00:00
5  23  2025-04-15 17:14 2025-04-15 16:14:14.069566+00:00
6  24  2025-04-15 22:54 2025-04-15 21:54:36.185845+00:00
7  25  2025-04-16 14:08 2025-04-16 13:08:35.352505+00:00
2025-04-16 15:02:02 INFO: 

Added Forecast:   26: 2025-04-16 15:01
2025-04-16 15:02:41 INFO:    id              name                       created_at
0  18  2025-04-14 19:21 2025-04-14 18:21:21.668951+00:00
1  19  2025-04-14 22:15 2025-04-14 21:15:13.688685+00:00
2  20  2025-04-15 06:15 2025-04-15 05:15:20.771691+00:00
3  21  2025-04-15 10:15 2025-04-15 09:15:13.805469+00:00
4  22  2025-04-15 16:15 2025-04-15 15:15:54.357581+00:00
5  23  2025-04-15 17:14 2025-04-15 16:14:14.069566+00:00
6  24  2025-04-15 22:54 2025-04-15 21:54:36.185845+00:00
7  25  2025-04-16 14:08 2025-04-16 13:08:35.352505+00:00
8  26  2025-04-16 15:01 2025-04-16 14:01:48.755874+00:00
2025-04-16 15:07:17 INFO:    id              name                       created_at
0  18  2025-04-14 19:21 2025-04-14 18:21:21.668951+00:00
1  19  2025-04-14 22:15 2025-04-14 21:15:13.688685+00:00
2  20  2025-04-15 06:15 2025-04-15 05:15:20.771691+00:00
3  21  2025-04-15 10:15 2025-04-15 09:15:13.805469+00:00
4  22  2025-04-15 16:15 2025-04-15 15:15:54.357581+00:00
5  23  2025-04-15 17:14 2025-04-15 16:14:14.069566+00:00
6  24  2025-04-15 22:54 2025-04-15 21:54:36.185845+00:00
7  25  2025-04-16 14:08 2025-04-16 13:08:35.352505+00:00
8  26  2025-04-16 15:01 2025-04-16 14:01:48.755874+00:00
2025-04-16 15:09:36 INFO:    id              name                       created_at
0  18  2025-04-14 19:21 2025-04-14 18:21:21.668951+00:00
1  19  2025-04-14 22:15 2025-04-14 21:15:13.688685+00:00
2  20  2025-04-15 06:15 2025-04-15 05:15:20.771691+00:00
3  21  2025-04-15 10:15 2025-04-15 09:15:13.805469+00:00
4  22  2025-04-15 16:15 2025-04-15 15:15:54.357581+00:00
5  23  2025-04-15 17:14 2025-04-15 16:14:14.069566+00:00
6  24  2025-04-15 22:54 2025-04-15 21:54:36.185845+00:00
7  25  2025-04-16 14:08 2025-04-16 13:08:35.352505+00:00
8  26  2025-04-16 15:01 2025-04-16 14:01:48.755874+00:00
2025-04-16 15:09:41 INFO: Cross-val scrore: [-14.6491809   -6.45852132 -12.3239967  -15.04279345 -29.85792956]
2025-04-16 15:09:57 INFO: 

Added Forecast:   27: 2025-04-16 15:09
2025-04-16 15:19:48 INFO:    id              name                       created_at  mean stdev
0  18  2025-04-14 19:21 2025-04-14 18:21:21.668951+00:00  None  None
1  19  2025-04-14 22:15 2025-04-14 21:15:13.688685+00:00  None  None
2  20  2025-04-15 06:15 2025-04-15 05:15:20.771691+00:00  None  None
3  21  2025-04-15 10:15 2025-04-15 09:15:13.805469+00:00  None  None
4  22  2025-04-15 16:15 2025-04-15 15:15:54.357581+00:00  None  None
5  23  2025-04-15 17:14 2025-04-15 16:14:14.069566+00:00  None  None
6  24  2025-04-15 22:54 2025-04-15 21:54:36.185845+00:00  None  None
7  25  2025-04-16 14:08 2025-04-16 13:08:35.352505+00:00  None  None
8  26  2025-04-16 15:01 2025-04-16 14:01:48.755874+00:00  None  None
9  27  2025-04-16 15:09 2025-04-16 14:09:45.215338+00:00  None  None
2025-04-16 15:19:53 INFO: Cross-val scrore: [-14.6491809   -6.45852132 -12.3239967  -15.04279345 -29.85792956]
2025-04-16 15:20:36 INFO:    id              name                       created_at  mean stdev
0  18  2025-04-14 19:21 2025-04-14 18:21:21.668951+00:00  None  None
1  19  2025-04-14 22:15 2025-04-14 21:15:13.688685+00:00  None  None
2  20  2025-04-15 06:15 2025-04-15 05:15:20.771691+00:00  None  None
3  21  2025-04-15 10:15 2025-04-15 09:15:13.805469+00:00  None  None
4  22  2025-04-15 16:15 2025-04-15 15:15:54.357581+00:00  None  None
5  23  2025-04-15 17:14 2025-04-15 16:14:14.069566+00:00  None  None
6  24  2025-04-15 22:54 2025-04-15 21:54:36.185845+00:00  None  None
7  25  2025-04-16 14:08 2025-04-16 13:08:35.352505+00:00  None  None
8  26  2025-04-16 15:01 2025-04-16 14:01:48.755874+00:00  None  None
9  27  2025-04-16 15:09 2025-04-16 14:09:45.215338+00:00  None  None
2025-04-16 15:20:42 INFO: Cross-val scrore: [-14.6491809   -6.45852132 -12.3239967  -15.04279345 -29.85792956]
2025-04-16 15:21:00 INFO: 

Added Forecast:   28: 2025-04-16 15:20
2025-04-16 15:21:17 INFO:     id              name                       created_at       mean     stdev
0   18  2025-04-14 19:21 2025-04-14 18:21:21.668951+00:00        NaN       NaN
1   19  2025-04-14 22:15 2025-04-14 21:15:13.688685+00:00        NaN       NaN
2   20  2025-04-15 06:15 2025-04-15 05:15:20.771691+00:00        NaN       NaN
3   21  2025-04-15 10:15 2025-04-15 09:15:13.805469+00:00        NaN       NaN
4   22  2025-04-15 16:15 2025-04-15 15:15:54.357581+00:00        NaN       NaN
5   23  2025-04-15 17:14 2025-04-15 16:14:14.069566+00:00        NaN       NaN
6   24  2025-04-15 22:54 2025-04-15 21:54:36.185845+00:00        NaN       NaN
7   25  2025-04-16 14:08 2025-04-16 13:08:35.352505+00:00        NaN       NaN
8   26  2025-04-16 15:01 2025-04-16 14:01:48.755874+00:00        NaN       NaN
9   27  2025-04-16 15:09 2025-04-16 14:09:45.215338+00:00        NaN       NaN
10  28  2025-04-16 15:20 2025-04-16 14:20:46.422498+00:00 -15.666484  7.730198
2025-04-16 15:21:23 INFO: Cross-val scrore: [-14.80727976  -6.61297107 -12.27491292 -14.55917733 -29.94994601]
2025-04-16 15:21:40 INFO: 

Added Forecast:   29: 2025-04-16 15:21
2025-04-16 15:39:27 INFO:    id              name                       created_at  mean stdev
0  18  2025-04-14 19:21 2025-04-14 18:21:21.668951+00:00  None  None
1  19  2025-04-14 22:15 2025-04-14 21:15:13.688685+00:00  None  None
2  20  2025-04-15 06:15 2025-04-15 05:15:20.771691+00:00  None  None
3  21  2025-04-15 10:15 2025-04-15 09:15:13.805469+00:00  None  None
4  22  2025-04-15 16:15 2025-04-15 15:15:54.357581+00:00  None  None
5  23  2025-04-15 17:14 2025-04-15 16:14:14.069566+00:00  None  None
6  24  2025-04-15 22:54 2025-04-15 21:54:36.185845+00:00  None  None
7  25  2025-04-16 14:08 2025-04-16 13:08:35.352505+00:00  None  None
8  26  2025-04-16 15:01 2025-04-16 14:01:48.755874+00:00  None  None
9  27  2025-04-16 15:09 2025-04-16 14:09:45.215338+00:00  None  None
2025-04-16 15:39:32 INFO: Cross-val scrore: [-14.6491809   -6.45852132 -12.3239967  -15.04279345 -29.85792956]
2025-04-16 15:39:48 INFO: 

Added Forecast:   30: 2025-04-16 15:39
2025-04-16 15:40:14 INFO:     id              name                       created_at       mean     stdev
0   18  2025-04-14 19:21 2025-04-14 18:21:21.668951+00:00        NaN       NaN
1   19  2025-04-14 22:15 2025-04-14 21:15:13.688685+00:00        NaN       NaN
2   20  2025-04-15 06:15 2025-04-15 05:15:20.771691+00:00        NaN       NaN
3   21  2025-04-15 10:15 2025-04-15 09:15:13.805469+00:00        NaN       NaN
4   22  2025-04-15 16:15 2025-04-15 15:15:54.357581+00:00        NaN       NaN
5   23  2025-04-15 17:14 2025-04-15 16:14:14.069566+00:00        NaN       NaN
6   24  2025-04-15 22:54 2025-04-15 21:54:36.185845+00:00        NaN       NaN
7   25  2025-04-16 14:08 2025-04-16 13:08:35.352505+00:00        NaN       NaN
8   26  2025-04-16 15:01 2025-04-16 14:01:48.755874+00:00        NaN       NaN
9   27  2025-04-16 15:09 2025-04-16 14:09:45.215338+00:00        NaN       NaN
10  30  2025-04-16 15:39 2025-04-16 14:39:36.016846+00:00  15.666484  7.730198
2025-04-16 15:40:19 INFO: Cross-val scrore: [-14.81128377  -6.61297107 -12.27491292 -14.55917733 -29.94994601]
2025-04-16 15:40:36 INFO: 

Added Forecast:   31: 2025-04-16 15:40
Connecting to fdaa:9:282c:a7b:3ed:1ddf:e2e6:2...
2025-04-16 16:15:09 INFO: Max days: 60
2025-04-16 16:15:09 INFO:   ID  |       Name       |  #FD  |   #AD   | Days |
2025-04-16 16:15:09 INFO: ------+------------------+-------+---------+------+
2025-04-16 16:15:09 INFO:    26 | 2025-04-16 10:15 |   604 |    9060 |    0 | 
2025-04-16 16:15:09 INFO:    25 | 2025-04-16 06:15 |   612 |    9180 |    0 | 
2025-04-16 16:15:09 INFO:    24 | 2025-04-15 23:06 |   626 |    9390 |    0 | 
2025-04-16 16:15:09 INFO:    23 | 2025-04-15 17:14 |   638 |    9570 |    0 | 
2025-04-16 16:15:09 INFO:    22 | 2025-04-15 16:15 |   640 |    9600 |    1 | 
2025-04-16 16:15:09 INFO:    21 | 2025-04-15 10:15 |   604 |    9060 |    1 | 
2025-04-16 16:15:09 INFO:    20 | 2025-04-15 06:15 |   612 |    9180 |    1 | 
2025-04-16 16:15:09 INFO:    19 | 2025-04-14 22:15 |   628 |    9420 |    1 | 
2025-04-16 16:15:09 INFO:    18 | 2025-04-14 19:21 |   634 |    9510 |    1 | 
2025-04-16 16:15:09 INFO:    17 | 2025-04-13 19:37 |   634 |      74 |    2 |  <- Fail
2025-04-16 16:15:09 INFO:    16 | 2025-04-13 16:04 |   642 |    1284 |    3 |  <- Fail
2025-04-16 16:15:09 INFO:    15 | 2025-04-13 15:57 |   642 |    1284 |    3 |  <- Fail
2025-04-16 16:15:09 INFO:    14 | 2025-04-13 15:52 |   642 |    1284 |    3 |  <- Fail
2025-04-16 16:15:09 INFO: 
Deleting (<QuerySet [<Forecasts: 2025-04-13 15:52>, <Forecasts: 2025-04-13 15:57>, <Forecasts: 2025-04-13 16:04>, <Forecasts: 2025-04-13 19:37>]>)

2025-04-16 16:15:09 INFO: Getting Historic Prices
2025-04-16 16:15:09 INFO: Prices
                           day_ahead    agile
date_time                                    
2023-06-30 00:00:00+01:00      92.80  19.4880
2023-06-30 00:30:00+01:00      78.75  16.5375
2023-06-30 01:00:00+01:00      81.90  17.1990
2023-06-30 01:30:00+01:00      78.75  16.5375
2023-06-30 02:00:00+01:00      82.85  17.3985
...                              ...      ...
2025-04-16 20:30:00+01:00     105.00  22.0500
2025-04-16 21:00:00+01:00     107.50  22.5750
2025-04-16 21:30:00+01:00      90.30  18.9630
2025-04-16 22:00:00+01:00      84.30  17.7030
2025-04-16 22:30:00+01:00      76.25  16.0125

[31534 rows x 2 columns]
2025-04-16 16:15:09 INFO: New Prices
                            day_ahead    agile
valid_from                                    
2025-04-16 23:00:00+01:00   86.500000  18.1650
2025-04-16 23:30:00+01:00   71.500000  15.0150
2025-04-17 00:00:00+01:00   69.300000  14.5530
2025-04-17 00:30:00+01:00   77.150000  16.2015
2025-04-17 01:00:00+01:00   77.200000  16.2120
2025-04-17 01:30:00+01:00   81.900000  17.1990
2025-04-17 02:00:00+01:00   84.000000  17.6400
2025-04-17 02:30:00+01:00   75.600000  15.8760
2025-04-17 03:00:00+01:00   76.800000  16.1280
2025-04-17 03:30:00+01:00   77.200000  16.2120
2025-04-17 04:00:00+01:00   92.400000  19.4040
2025-04-17 04:30:00+01:00   82.400000  17.3040
2025-04-17 05:00:00+01:00  102.900000  21.6090
2025-04-17 05:30:00+01:00   88.200000  18.5220
2025-04-17 06:00:00+01:00  105.000000  22.0500
2025-04-17 06:30:00+01:00  128.500000  26.9850
2025-04-17 07:00:00+01:00  115.500000  24.2550
2025-04-17 07:30:00+01:00  126.000000  26.4600
2025-04-17 08:00:00+01:00  115.500000  24.2550
2025-04-17 08:30:00+01:00  105.000000  22.0500
2025-04-17 09:00:00+01:00  101.650000  21.3465
2025-04-17 09:30:00+01:00   95.950000  20.1495
2025-04-17 10:00:00+01:00   89.200000  18.7320
2025-04-17 10:30:00+01:00   78.800000  16.5480
2025-04-17 11:00:00+01:00   71.400000  14.9940
2025-04-17 11:30:00+01:00   70.050000  14.7105
2025-04-17 12:00:00+01:00   75.600000  15.8760
2025-04-17 12:30:00+01:00   72.450000  15.2145
2025-04-17 13:00:00+01:00   75.550000  15.8655
2025-04-17 13:30:00+01:00   72.000000  15.1200
2025-04-17 14:00:00+01:00   72.000000  15.1200
2025-04-17 14:30:00+01:00   74.250000  15.5925
2025-04-17 15:00:00+01:00   75.700000  15.8970
2025-04-17 15:30:00+01:00   84.000000  17.6400
2025-04-17 16:00:00+01:00   86.657143  30.1980
2025-04-17 16:30:00+01:00   91.057143  31.1220
2025-04-17 17:00:00+01:00   83.757143  29.5890
2025-04-17 17:30:00+01:00  103.657143  33.7680
2025-04-17 18:00:00+01:00  117.957143  36.7710
2025-04-17 18:30:00+01:00  125.807143  38.4195
2025-04-17 19:00:00+01:00  114.250000  23.9925
2025-04-17 19:30:00+01:00  121.000000  25.4100
2025-04-17 20:00:00+01:00  112.350000  23.5935
2025-04-17 20:30:00+01:00  115.100000  24.1710
2025-04-17 21:00:00+01:00  105.650000  22.1865
2025-04-17 21:30:00+01:00   84.500000  17.7450
2025-04-17 22:00:00+01:00   87.800000  18.4380
2025-04-17 22:30:00+01:00   80.850000  16.9785
2025-04-16 16:15:09 INFO:                             day_ahead    agile
valid_from                                    
2025-04-16 23:00:00+01:00   86.500000  18.1650
2025-04-16 23:30:00+01:00   71.500000  15.0150
2025-04-17 00:00:00+01:00   69.300000  14.5530
2025-04-17 00:30:00+01:00   77.150000  16.2015
2025-04-17 01:00:00+01:00   77.200000  16.2120
2025-04-17 01:30:00+01:00   81.900000  17.1990
2025-04-17 02:00:00+01:00   84.000000  17.6400
2025-04-17 02:30:00+01:00   75.600000  15.8760
2025-04-17 03:00:00+01:00   76.800000  16.1280
2025-04-17 03:30:00+01:00   77.200000  16.2120
2025-04-17 04:00:00+01:00   92.400000  19.4040
2025-04-17 04:30:00+01:00   82.400000  17.3040
2025-04-17 05:00:00+01:00  102.900000  21.6090
2025-04-17 05:30:00+01:00   88.200000  18.5220
2025-04-17 06:00:00+01:00  105.000000  22.0500
2025-04-17 06:30:00+01:00  128.500000  26.9850
2025-04-17 07:00:00+01:00  115.500000  24.2550
2025-04-17 07:30:00+01:00  126.000000  26.4600
2025-04-17 08:00:00+01:00  115.500000  24.2550
2025-04-17 08:30:00+01:00  105.000000  22.0500
2025-04-17 09:00:00+01:00  101.650000  21.3465
2025-04-17 09:30:00+01:00   95.950000  20.1495
2025-04-17 10:00:00+01:00   89.200000  18.7320
2025-04-17 10:30:00+01:00   78.800000  16.5480
2025-04-17 11:00:00+01:00   71.400000  14.9940
2025-04-17 11:30:00+01:00   70.050000  14.7105
2025-04-17 12:00:00+01:00   75.600000  15.8760
2025-04-17 12:30:00+01:00   72.450000  15.2145
2025-04-17 13:00:00+01:00   75.550000  15.8655
2025-04-17 13:30:00+01:00   72.000000  15.1200
2025-04-17 14:00:00+01:00   72.000000  15.1200
2025-04-17 14:30:00+01:00   74.250000  15.5925
2025-04-17 15:00:00+01:00   75.700000  15.8970
2025-04-17 15:30:00+01:00   84.000000  17.6400
2025-04-17 16:00:00+01:00   86.657143  30.1980
2025-04-17 16:30:00+01:00   91.057143  31.1220
2025-04-17 17:00:00+01:00   83.757143  29.5890
2025-04-17 17:30:00+01:00  103.657143  33.7680
2025-04-17 18:00:00+01:00  117.957143  36.7710
2025-04-17 18:30:00+01:00  125.807143  38.4195
2025-04-17 19:00:00+01:00  114.250000  23.9925
2025-04-17 19:30:00+01:00  121.000000  25.4100
2025-04-17 20:00:00+01:00  112.350000  23.5935
2025-04-17 20:30:00+01:00  115.100000  24.1710
2025-04-17 21:00:00+01:00  105.650000  22.1865
2025-04-17 21:30:00+01:00   84.500000  17.7450
2025-04-17 22:00:00+01:00   87.800000  18.4380
2025-04-17 22:30:00+01:00   80.850000  16.9785
2025-04-16 16:15:10 INFO: GB60:
2025-04-16 23:00:00+01:00     77.18
2025-04-17 00:00:00+01:00     72.13
2025-04-17 01:00:00+01:00     70.58
2025-04-17 02:00:00+01:00     72.89
2025-04-17 03:00:00+01:00     72.04
2025-04-17 04:00:00+01:00     74.64
2025-04-17 05:00:00+01:00     87.71
2025-04-17 06:00:00+01:00     95.77
2025-04-17 07:00:00+01:00    107.37
2025-04-17 08:00:00+01:00     99.43
2025-04-17 09:00:00+01:00     88.30
2025-04-17 10:00:00+01:00     79.33
2025-04-17 11:00:00+01:00     71.61
2025-04-17 12:00:00+01:00     68.69
2025-04-17 13:00:00+01:00     67.72
2025-04-17 14:00:00+01:00     68.28
2025-04-17 15:00:00+01:00     76.38
2025-04-17 16:00:00+01:00     83.70
2025-04-17 17:00:00+01:00     90.08
2025-04-17 18:00:00+01:00    109.92
2025-04-17 19:00:00+01:00    109.00
2025-04-17 20:00:00+01:00    105.60
2025-04-17 21:00:00+01:00     90.51
2025-04-17 22:00:00+01:00     83.09
dtype: float64
2025-04-16 16:15:10 INFO: Merged prices:
                           day_ahead    agile
2023-06-30 00:00:00+01:00      92.80  19.4880
2023-06-30 00:30:00+01:00      78.75  16.5375
2023-06-30 01:00:00+01:00      81.90  17.1990
2023-06-30 01:30:00+01:00      78.75  16.5375
2023-06-30 02:00:00+01:00      82.85  17.3985
...                              ...      ...
2025-04-17 20:30:00+01:00     115.10  24.1710
2025-04-17 21:00:00+01:00     105.65  22.1865
2025-04-17 21:30:00+01:00      84.50  17.7450
2025-04-17 22:00:00+01:00      87.80  18.4380
2025-04-17 22:30:00+01:00      80.85  16.9785

[31582 rows x 2 columns]
2025-04-16 16:15:10 INFO: Getting latest Forecast
    https://api.nationalgrideso.com/api/3/action/datastore_search?resource_id=93c3048e-1dab-4057-a2a9-417540583929&limit=1000
    https://api.nationalgrideso.com/api/3/action/datastore_search?resource_id=b2f03146-f05d-4824-a663-3a4f36090c71&limit=1000
    https://api.nationalgrideso.com/api/3/action/datastore_search?resource_id=db6c038f-98af-4570-ab60-24d71ebd0ae5&limit=1000
    https://api.nationalgrideso.com/api/3/action/datastore_search?resource_id=7c0411cd-2714-4bb5-a408-adb065edf34d&limit=5000
    https://api.open-meteo.com/v1/forecast
    https://data.elexon.co.uk/bmrs/api/v1/datasets/NDF
2025-04-16 16:15:17 INFO:                            bm_wind   solar  ...  time  day_of_week
2025-04-16 16:30:00+01:00  11771.0  6495.0  ...  16.5            2
2025-04-16 17:00:00+01:00  11740.0  5354.0  ...  17.0            2
2025-04-16 17:30:00+01:00  11763.0  4265.0  ...  17.5            2
2025-04-16 18:00:00+01:00  11691.0  3261.0  ...  18.0            2
2025-04-16 18:30:00+01:00  11525.0  2339.0  ...  18.5            2
...                            ...     ...  ...   ...          ...
2025-04-29 22:00:00+01:00   5566.0     0.0  ...  22.0            1
2025-04-29 22:30:00+01:00   5516.0     0.0  ...  22.5            1
2025-04-29 23:00:00+01:00   5476.0     0.0  ...  23.0            1
2025-04-29 23:30:00+01:00   5446.0     0.0  ...  23.5            1
2025-04-30 00:00:00+01:00   5424.0     0.0  ...   0.0            2

[640 rows x 9 columns]
2025-04-16 16:15:17 INFO:    id              name                       created_at  mean stdev
0  18  2025-04-14 19:21 2025-04-14 18:21:21.668951+00:00  None  None
1  19  2025-04-14 22:15 2025-04-14 21:15:13.688685+00:00  None  None
2  20  2025-04-15 06:15 2025-04-15 05:15:20.771691+00:00  None  None
3  21  2025-04-15 10:15 2025-04-15 09:15:13.805469+00:00  None  None
4  22  2025-04-15 16:15 2025-04-15 15:15:54.357581+00:00  None  None
5  23  2025-04-15 17:14 2025-04-15 16:14:14.069566+00:00  None  None
6  24  2025-04-15 23:06 2025-04-15 22:06:52.758343+00:00  None  None
7  25  2025-04-16 06:15 2025-04-16 05:15:14.881366+00:00  None  None
8  26  2025-04-16 10:15 2025-04-16 09:15:14.533497+00:00  None  None
2025-04-16 16:15:17 INFO: Forecasts Database:
{ff.to_string()}
2025-04-16 16:15:17 INFO: train_X:
                           bm_wind  solar  ...  weekend  day_ahead
2025-04-16 21:00:00+00:00   9555.0    0.0  ...        0      84.30
2025-04-16 21:30:00+00:00   9321.0    0.0  ...        0      76.25
2025-04-16 22:00:00+00:00   9120.0    0.0  ...        0      86.50
2025-04-16 22:30:00+00:00   8953.0    0.0  ...        0      71.50
2025-04-16 23:00:00+00:00   8761.0    0.0  ...        0      69.30
...                            ...    ...  ...      ...        ...
2025-04-16 18:30:00+00:00  11331.0  530.0  ...        0     105.05
2025-04-16 19:00:00+00:00  11170.0   45.0  ...        0     101.85
2025-04-16 19:30:00+00:00  11050.0    0.0  ...        0     105.00
2025-04-16 20:00:00+00:00  10972.0    0.0  ...        0     107.50
2025-04-16 20:30:00+00:00  10937.0   20.0  ...        0      90.30

[144 rows x 8 columns]
2025-04-16 16:15:19 INFO: Cross-val scrore: [-22.50736449 -10.03256985 -10.99375663 -17.71481588 -28.15349137]
2025-04-16 16:15:19 INFO: len(ff)      : 9
2025-04-16 16:15:19 INFO: len(ff_train): 3
2025-04-16 16:15:19 INFO: len(train_X) : 144
2025-04-16 16:15:19 INFO: len(test_X)  : 580
2025-04-16 16:15:19 INFO: Earliest ff   : 18
2025-04-16 16:15:19 INFO: Latest ff     : 26
2025-04-16 16:15:19 INFO: Earliest ff_t : 18
2025-04-16 16:15:19 INFO: Latest ff_t   : 26
2025-04-16 16:15:19 INFO: train_cols:
2025-04-16 16:15:19 INFO:   bm_wind         :     2145.00    6962.06   12851.00
2025-04-16 16:15:19 INFO:   solar           :        0.00    2338.85    9858.00
2025-04-16 16:15:19 INFO:   demand          :    19595.00   25712.67   31810.00
2025-04-16 16:15:19 INFO:   peak            :        0.00       0.12       1.00
2025-04-16 16:15:19 INFO:   days_ago        :        0.25       1.04       1.87
2025-04-16 16:15:19 INFO:   wind_10m        :        4.70      22.63      45.40
2025-04-16 16:15:19 INFO:   weekend         :        0.00       0.00       0.00
2025-04-16 16:15:19 INFO: test_X:
                              id  forecast_id  ...  peak  day_ahead
date_time                                      ...                 
2025-04-15 22:30:00+00:00  14637           24  ...   0.0      82.00
2025-04-15 23:00:00+00:00  14638           24  ...   0.0      78.75
2025-04-15 23:30:00+00:00  14639           24  ...   0.0      78.85
2025-04-16 00:00:00+00:00  14640           24  ...   0.0      74.15
2025-04-16 00:30:00+00:00  14641           24  ...   0.0      72.25
...                          ...          ...  ...   ...        ...
2025-04-17 19:30:00+00:00  14101           23  ...   0.0     115.10
2025-04-17 20:00:00+00:00  14102           23  ...   0.0     105.65
2025-04-17 20:30:00+00:00  14103           23  ...   0.0      84.50
2025-04-17 21:00:00+00:00  14104           23  ...   0.0      87.80
2025-04-17 21:30:00+00:00  14105           23  ...   0.0      80.85

[580 rows x 24 columns]
2025-04-16 16:15:21 INFO: Forecast from 2025-04-16 16:30:00+01:00 tp 2025-04-30 00:00:00+01:00
2025-04-16 16:15:21 INFO: Agile to      2025-04-17 22:30:00+01:00
2025-04-16 16:15:21 INFO: Forecast
                           bm_wind   solar  ...  day_ahead_low  day_ahead_high
2025-04-16 16:30:00+01:00  11771.0  6495.0  ...      73.185509       96.685938
2025-04-16 17:00:00+01:00  11740.0  5354.0  ...      77.755856       97.710800
2025-04-16 17:30:00+01:00  11763.0  4265.0  ...      82.568751      102.982719
2025-04-16 18:00:00+01:00  11691.0  3261.0  ...      82.278005      102.296648
2025-04-16 18:30:00+01:00  11525.0  2339.0  ...      87.178120      102.233831
...                            ...     ...  ...            ...             ...
2025-04-29 22:00:00+01:00   5566.0     0.0  ...      80.573876      118.960887
2025-04-29 22:30:00+01:00   5516.0     0.0  ...      80.854235      121.102150
2025-04-29 23:00:00+01:00   5476.0     0.0  ...      92.863338      122.593077
2025-04-29 23:30:00+01:00   5446.0     0.0  ...      88.893464      106.681468
2025-04-30 00:00:00+01:00   5424.0     0.0  ...      74.636734      106.681468

[640 rows x 15 columns]
2025-04-16 16:15:21 INFO: idx0: 2025-04-16 16:30:00+01:00:2025-04-17 22:30:00+01:00
                           mult  shift
2025-04-16 16:30:00+01:00     0      1
2025-04-16 17:00:00+01:00     0      1
2025-04-16 17:30:00+01:00     0      1
2025-04-16 18:00:00+01:00     0      1
2025-04-16 18:30:00+01:00     0      1
...                         ...    ...
2025-04-17 20:30:00+01:00     0      1
2025-04-17 21:00:00+01:00     0      1
2025-04-17 21:30:00+01:00     0      1
2025-04-17 22:00:00+01:00     0      1
2025-04-17 22:30:00+01:00     0      1

[61 rows x 2 columns]
2025-04-16 16:15:21 INFO: idx1: 2025-04-17 23:00:00+01:00:2025-04-30 00:00:00+01:00
                           mult  shift
2025-04-17 23:00:00+01:00     1      0
2025-04-17 23:30:00+01:00     1      0
2025-04-18 00:00:00+01:00     1      0
2025-04-18 00:30:00+01:00     1      0
2025-04-18 01:00:00+01:00     1      0
...                         ...    ...
2025-04-29 22:00:00+01:00     1      0
2025-04-29 22:30:00+01:00     1      0
2025-04-29 23:00:00+01:00     1      0
2025-04-29 23:30:00+01:00     1      0
2025-04-30 00:00:00+01:00     1      0

[579 rows x 2 columns]
2025-04-16 16:15:21 INFO: Scale factors
                           mult  shift
2025-04-16 16:30:00+01:00     0      1
2025-04-16 17:00:00+01:00     0      1
2025-04-16 17:30:00+01:00     0      1
2025-04-16 18:00:00+01:00     0      1
2025-04-16 18:30:00+01:00     0      1
...                         ...    ...
2025-04-29 22:00:00+01:00     1      0
2025-04-29 22:30:00+01:00     1      0
2025-04-29 23:00:00+01:00     1      0
2025-04-29 23:30:00+01:00     1      0
2025-04-30 00:00:00+01:00     1      0

[640 rows x 2 columns]
2025-04-16 16:15:21 INFO: Scale Factors:
                           mult  shift   day_ahead    agile
2025-04-16 16:30:00+01:00     0      1   76.857143  28.1400
2025-04-16 17:00:00+01:00     0      1   84.757143  29.7990
2025-04-16 17:30:00+01:00     0      1   83.357143  29.5050
2025-04-16 18:00:00+01:00     0      1   92.107143  31.3425
2025-04-16 18:30:00+01:00     0      1  101.457143  33.3060
...                         ...    ...         ...      ...
2025-04-29 22:00:00+01:00     1      0    0.000000   0.0000
2025-04-29 22:30:00+01:00     1      0    0.000000   0.0000
2025-04-29 23:00:00+01:00     1      0    0.000000   0.0000
2025-04-29 23:30:00+01:00     1      0    0.000000   0.0000
2025-04-30 00:00:00+01:00     1      0    0.000000   0.0000

[640 rows x 4 columns]
2025-04-16 16:15:21 INFO:                            mult  shift  ...  day_ahead_low  day_ahead_high
2025-04-16 16:30:00+01:00     0      1  ...      75.857143       77.857143
2025-04-16 17:00:00+01:00     0      1  ...      83.757143       85.757143
2025-04-16 17:30:00+01:00     0      1  ...      82.357143       84.357143
2025-04-16 18:00:00+01:00     0      1  ...      91.107143       93.107143
2025-04-16 18:30:00+01:00     0      1  ...     100.457143      102.457143
...                         ...    ...  ...            ...             ...
2025-04-29 22:00:00+01:00     1      0  ...      80.573876      118.960887
2025-04-29 22:30:00+01:00     1      0  ...      80.854235      121.102150
2025-04-29 23:00:00+01:00     1      0  ...      92.863338      122.593077
2025-04-29 23:30:00+01:00     1      0  ...      88.893464      106.681468
2025-04-30 00:00:00+01:00     1      0  ...      74.636734      106.681468

[640 rows x 7 columns]
2025-04-16 16:15:21 INFO: Final forecast from 2025-04-16 16:30:00+01:00 to 2025-04-30 00:00:00+01:00
2025-04-16 16:15:21 INFO: Forecast
                           bm_wind   solar  emb_wind  ...   rad   demand   day_ahead
2025-04-16 16:30:00+01:00  11771.0  6495.0    3978.0  ...  44.0  24972.0   76.857143
2025-04-16 17:00:00+01:00  11740.0  5354.0    3607.0  ...  69.0  26625.0   84.757143
2025-04-16 17:30:00+01:00  11763.0  4265.0    3607.0  ...  80.0  27934.0   83.357143
2025-04-16 18:00:00+01:00  11691.0  3261.0    3197.0  ...  14.5  29097.0   92.107143
2025-04-16 18:30:00+01:00  11525.0  2339.0    3197.0  ...   9.5  29800.0  101.457143
...                            ...     ...       ...  ...   ...      ...         ...
2025-04-29 22:00:00+01:00   5566.0     0.0    1170.0  ...   0.0  28791.0  115.465134
2025-04-29 22:30:00+01:00   5516.0     0.0    1170.0  ...   0.0  27264.0  117.298660
2025-04-29 23:00:00+01:00   5476.0     0.0    1167.0  ...   0.0  25815.0  116.998573
2025-04-29 23:30:00+01:00   5446.0     0.0    1167.0  ...   0.0  23977.0   89.785172
2025-04-30 00:00:00+01:00   5424.0     0.0    1174.0  ...   0.0  22992.0   74.636734

[640 rows x 8 columns]
2025-04-16 16:15:30 INFO:   27: 2025-04-16 16:15
2025-04-16 16:15:30 INFO:   26: 2025-04-16 10:15
2025-04-16 16:15:30 INFO:   25: 2025-04-16 06:15
2025-04-16 16:15:30 INFO:   24: 2025-04-15 23:06
2025-04-16 16:15:30 INFO:   23: 2025-04-15 17:14
2025-04-16 16:15:30 INFO:   22: 2025-04-15 16:15
2025-04-16 16:15:30 INFO:   21: 2025-04-15 10:15
2025-04-16 16:15:30 INFO:   20: 2025-04-15 06:15
2025-04-16 16:15:30 INFO:   19: 2025-04-14 22:15
2025-04-16 16:15:30 INFO:   18: 2025-04-14 19:21
Restarting machine 17814469b9d798
No health checks found
Machine 17814469b9d798 restarted successfully!
