================ Sat May  2 14:17:40 BST 2026 ================
Starting backup script...
APP_NAME: prices-db
LOCAL_PORT: 5433
Starting Fly proxy to database...
nc: port number invalid: 5433
Waiting for proxy to be ready...
Error: failed to run query ($appName: String!) { app(name: $appName) { network } }: Could not find App "prices-db"
nc: port number invalid: 5433
Waiting for proxy to be ready...
nc: port number invalid: 5433
Waiting for proxy to be ready...
nc: port number invalid: 5433
Waiting for proxy to be ready...
nc: port number invalid: 5433
Waiting for proxy to be ready...
nc: port number invalid: 5433
Waiting for proxy to be ready...
nc: port number invalid: 5433
Waiting for proxy to be ready...
nc: port number invalid: 5433
Waiting for proxy to be ready...
nc: port number invalid: 5433
Waiting for proxy to be ready...
nc: port number invalid: 5433
Waiting for proxy to be ready...
nc: port number invalid: 5433
Proxy failed to start on port 5433
